<?xml version="1.0" encoding="UTF-8"?>
<testng-results ignored="0" total="1" passed="1" failed="0" skipped="0">
  <reporter-output>
    <line>
      <![CDATA[Browser window is maximized successfully]]>
    </line>
  </reporter-output>
  <suite started-at="2022-11-30T15:41:14 IST" name="Default suite" finished-at="2022-11-30T15:41:30 IST" duration-ms="16023">
    <groups>
    </groups>
    <test started-at="2022-11-30T15:41:14 IST" name="Default test" finished-at="2022-11-30T15:41:30 IST" duration-ms="16023">
      <class name="test_Scripts.LoginMain">
        <test-method is-config="true" signature="beforeSuit()[pri:0, instance:test_Scripts.LoginMain@5e0826e7]" started-at="2022-11-30T15:41:14 IST" name="beforeSuit" finished-at="2022-11-30T15:41:14 IST" duration-ms="190" status="PASS">
          <reporter-output>
          </reporter-output>
        </test-method> <!-- beforeSuit -->
        <test-method is-config="true" signature="browserSetup()[pri:0, instance:test_Scripts.LoginMain@5e0826e7]" started-at="2022-11-30T15:41:14 IST" name="browserSetup" finished-at="2022-11-30T15:41:22 IST" duration-ms="8205" status="PASS">
          <reporter-output>
            <line>
              <![CDATA[Browser window is maximized successfully]]>
            </line>
          </reporter-output>
        </test-method> <!-- browserSetup -->
        <test-method signature="trivago1([Ljava.lang.String;)[pri:0, instance:test_Scripts.LoginMain@5e0826e7]" started-at="2022-11-30T15:41:23 IST" name="trivago1" data-provider="testdata" finished-at="2022-11-30T15:41:30 IST" duration-ms="6382" status="PASS">
          <params>
            <param index="0">
              <value>
                <![CDATA[[Ljava.lang.String;@53ed09e8]]>
              </value>
            </param>
          </params>
          <reporter-output>
          </reporter-output>
        </test-method> <!-- trivago1 -->
        <test-method is-config="true" signature="CloseApp()[pri:0, instance:test_Scripts.LoginMain@5e0826e7]" started-at="2022-11-30T15:41:30 IST" name="CloseApp" finished-at="2022-11-30T15:41:30 IST" duration-ms="1" status="PASS">
          <reporter-output>
          </reporter-output>
        </test-method> <!-- CloseApp -->
        <test-method is-config="true" signature="afterSuite()[pri:0, instance:test_Scripts.LoginMain@5e0826e7]" started-at="2022-11-30T15:41:30 IST" name="afterSuite" finished-at="2022-11-30T15:41:31 IST" duration-ms="634" status="PASS">
          <reporter-output>
          </reporter-output>
        </test-method> <!-- afterSuite -->
      </class> <!-- test_Scripts.LoginMain -->
    </test> <!-- Default test -->
  </suite> <!-- Default suite -->
</testng-results>
